#
# A fatal error has been detected by the Java Runtime Environment:
#
#  EXCEPTION_ACCESS_VIOLATION (0xc0000005) at pc=0x0000000020548e70, pid=2224, tid=0x0000000000002404
#
# JRE version: Java(TM) SE Runtime Environment (8.0_162-b12) (build 1.8.0_162-b12)
# Java VM: Java HotSpot(TM) 64-Bit Server VM (25.162-b12 mixed mode windows-amd64 compressed oops)
# Problematic frame:
# C  [atio6axx.dll+0x4b8e70]
#
# Failed to write core dump. Minidumps are not enabled by default on client versions of Windows
#
# If you would like to submit a bug report, please visit:
#   http://bugreport.java.com/bugreport/crash.jsp
# The crash happened outside the Java Virtual Machine in native code.
# See problematic frame for where to report the bug.
#

---------------  T H R E A D  ---------------

Current thread (0x000000001e2a0800):  JavaThread "LWJGL Application" [_thread_in_native, id=9220, stack(0x000000001f5d0000,0x000000001f6d0000)]

siginfo: ExceptionCode=0xc0000005, reading address 0x000000001edcc788

Registers:
RAX=0x000000001edcc788, RBX=0x0000000027c699c0, RCX=0x0000000000000031, RDX=0x0000000008e9d238
RSP=0x000000001f6ce530, RBP=0x000000000000c164, RSI=0x000000001ecee456, RDI=0x0000000000000001
R8 =0x0000000000000000, R9 =0x0000000000000004, R10=0x000000001f6ce5d8, R11=0x0000000000000004
R12=0x0000000000010ccc, R13=0x00000000ffffffff, R14=0x000000002324d858, R15=0x0000000000000000
RIP=0x0000000020548e70, EFLAGS=0x0000000000010212

Top of Stack: (sp=0x000000001f6ce530)
0x000000001f6ce530:   0000000100000001 000000001e2a0800
0x000000001f6ce540:   000000001ecee440 000000001df01640
0x000000001f6ce550:   000000001df01668 000000001df01728
0x000000001f6ce560:   00000000000000d8 000000001f6cf748
0x000000001f6ce570:   0000000000000000 000000001c278618
0x000000001f6ce580:   000000001c55eaa0 000000001e2a0800
0x000000001f6ce590:   000000001eeb29f0 0000000000000000
0x000000001f6ce5a0:   0000000000000004 000000001ecee638
0x000000001f6ce5b0:   00000000000003f0 000000002322ad18
0x000000001f6ce5c0:   000000002322b4e0 0000000027c69998
0x000000001f6ce5d0:   000000001ecdabb8 0000000400000014
0x000000001f6ce5e0:   000000001f6ce6c8 0000000062bb50b3
0x000000001f6ce5f0:   00000000031d55d0 00000000629d5905
0x000000001f6ce600:   000000001f6cf010 000000001f6cef50
0x000000001f6ce610:   000000001e2a0800 0000000000000000
0x000000001f6ce620:   0000000000000000 0000000062bc5596 

Instructions: (pc=0x0000000020548e70)
0x0000000020548e50:   48 8b 08 48 83 c0 08 48 89 0a 48 83 c2 08 45 03
0x0000000020548e60:   c5 75 ed 45 85 c9 74 17 48 2b d0 0f 1f 44 00 00
0x0000000020548e70:   0f b6 08 88 0c 10 48 8d 40 01 45 03 cd 75 f1 49
0x0000000020548e80:   03 db 49 83 c2 10 49 8b c3 48 83 ef 01 75 91 44 


Register to memory mapping:

RAX=0x000000001edcc788 is an unknown value
RBX=0x0000000027c699c0 is an unknown value
RCX=0x0000000000000031 is an unknown value
RDX=0x0000000008e9d238 is an unknown value
RSP=0x000000001f6ce530 is pointing into the stack for thread: 0x000000001e2a0800
RBP=0x000000000000c164 is an unknown value
RSI=0x000000001ecee456 is an unknown value
RDI=0x0000000000000001 is an unknown value
R8 =0x0000000000000000 is an unknown value
R9 =0x0000000000000004 is an unknown value
R10=0x000000001f6ce5d8 is pointing into the stack for thread: 0x000000001e2a0800
R11=0x0000000000000004 is an unknown value
R12=0x0000000000010ccc is an unknown value
R13=0x00000000ffffffff is an unknown value
R14=0x000000002324d858 is an unknown value
R15=0x0000000000000000 is an unknown value


Stack: [0x000000001f5d0000,0x000000001f6d0000],  sp=0x000000001f6ce530,  free space=1017k
Native frames: (J=compiled Java code, j=interpreted, Vv=VM code, C=native code)
C  [atio6axx.dll+0x4b8e70]
C  [atio6axx.dll+0x420556]
C  [atio6axx.dll+0x41f20b]
C  [atio6axx.dll+0x550c32]
C  0x0000000002f58c67

Java frames: (J=compiled Java code, j=interpreted, Vv=VM code)
j  org.lwjgl.opengl.GL11.nglDrawElements(IIIJJ)V+0
j  org.lwjgl.opengl.GL11.glDrawElements(ILjava/nio/ShortBuffer;)V+34
j  com.badlogic.gdx.backends.lwjgl.LwjglGL20.glDrawElements(IIILjava/nio/Buffer;)V+21
J 852 C1 com.badlogic.gdx.graphics.Mesh.render(Lcom/badlogic/gdx/graphics/glutils/ShaderProgram;IIIZ)V (257 bytes) @ 0x000000000327d234 [0x000000000327cb80+0x6b4]
j  com.badlogic.gdx.graphics.Mesh.render(Lcom/badlogic/gdx/graphics/glutils/ShaderProgram;III)V+10
j  com.badlogic.gdx.graphics.g2d.SpriteBatch.flush()V+184
j  com.badlogic.gdx.graphics.g2d.SpriteBatch.setTransformMatrix(Lcom/badlogic/gdx/math/Matrix4;)V+8
j  com.badlogic.gdx.scenes.scene2d.Group.resetTransform(Lcom/badlogic/gdx/graphics/g2d/Batch;)V+5
j  com.badlogic.gdx.scenes.scene2d.Group.draw(Lcom/badlogic/gdx/graphics/g2d/Batch;F)V+31
j  com.badlogic.gdx.scenes.scene2d.Stage.draw()V+50
j  com.mygdx.game.MainMenuScreen.render(F)V+85
j  com.badlogic.gdx.Game.render()V+19
j  com.mygdx.game.Drop.render()V+1
j  com.badlogic.gdx.backends.lwjgl.LwjglApplication.mainLoop()V+698
j  com.badlogic.gdx.backends.lwjgl.LwjglApplication$1.run()V+27
v  ~StubRoutines::call_stub

---------------  P R O C E S S  ---------------

Java Threads: ( => current thread )
  0x000000001ef9c000 JavaThread "LWJGL Timer" daemon [_thread_blocked, id=7416, stack(0x0000000028d80000,0x0000000028e80000)]
  0x0000000002e43800 JavaThread "DestroyJavaVM" [_thread_blocked, id=5576, stack(0x0000000002d40000,0x0000000002e40000)]
=>0x000000001e2a0800 JavaThread "LWJGL Application" [_thread_in_native, id=9220, stack(0x000000001f5d0000,0x000000001f6d0000)]
  0x000000001dee0800 JavaThread "Service Thread" daemon [_thread_blocked, id=7312, stack(0x000000001e2c0000,0x000000001e3c0000)]
  0x000000001c55a800 JavaThread "C1 CompilerThread2" daemon [_thread_blocked, id=5984, stack(0x000000001ddc0000,0x000000001dec0000)]
  0x000000001c557800 JavaThread "C2 CompilerThread1" daemon [_thread_blocked, id=11092, stack(0x000000001dcc0000,0x000000001ddc0000)]
  0x000000001c553000 JavaThread "C2 CompilerThread0" daemon [_thread_blocked, id=3728, stack(0x000000001dbc0000,0x000000001dcc0000)]
  0x000000001c54f000 JavaThread "Attach Listener" daemon [_thread_blocked, id=7836, stack(0x000000001dac0000,0x000000001dbc0000)]
  0x000000001c54d800 JavaThread "Signal Dispatcher" daemon [_thread_blocked, id=7248, stack(0x000000001d9c0000,0x000000001dac0000)]
  0x0000000002f3d800 JavaThread "Finalizer" daemon [_thread_blocked, id=8720, stack(0x000000001d7b0000,0x000000001d8b0000)]
  0x0000000002f32000 JavaThread "Reference Handler" daemon [_thread_blocked, id=1036, stack(0x000000001d6b0000,0x000000001d7b0000)]

Other Threads:
  0x000000001c518000 VMThread [stack: 0x000000001d5b0000,0x000000001d6b0000] [id=7568]
  0x000000001c5ae000 WatcherThread [stack: 0x000000001e3c0000,0x000000001e4c0000] [id=364]

VM state:not at safepoint (normal execution)

VM Mutex/Monitor currently owned by a thread: None

Heap:
 PSYoungGen      total 76288K, used 32840K [0x000000076b180000, 0x0000000770680000, 0x00000007c0000000)
  eden space 65536K, 50% used [0x000000076b180000,0x000000076d192270,0x000000076f180000)
  from space 10752K, 0% used [0x000000076fc00000,0x000000076fc00000,0x0000000770680000)
  to   space 10752K, 0% used [0x000000076f180000,0x000000076f180000,0x000000076fc00000)
 ParOldGen       total 175104K, used 0K [0x00000006c1400000, 0x00000006cbf00000, 0x000000076b180000)
  object space 175104K, 0% used [0x00000006c1400000,0x00000006c1400000,0x00000006cbf00000)
 Metaspace       used 8536K, capacity 8707K, committed 8832K, reserved 1056768K
  class space    used 818K, capacity 848K, committed 896K, reserved 1048576K

Card table byte_map: [0x0000000012300000,0x0000000012b00000] byte_map_base: 0x000000000ecf6000

Marking Bits: (ParMarkBitMap*) 0x00000000631c0860
 Begin Bits: [0x0000000013450000, 0x0000000017400000)
 End Bits:   [0x0000000017400000, 0x000000001b3b0000)

Polling page: 0x0000000000fa0000

CodeCache: size=245760Kb used=3833Kb max_used=3833Kb free=241926Kb
 bounds [0x0000000002f40000, 0x0000000003310000, 0x0000000011f40000]
 total_blobs=1514 nmethods=978 adapters=449
 compilation: enabled

Compilation events (10 events):
Event: 3.225 Thread 0x000000001c55a800  974       3       com.badlogic.gdx.graphics.g3d.shaders.DefaultShader$Setters$18::set (43 bytes)
Event: 3.225 Thread 0x000000001c55a800 nmethod 974 0x0000000003300590 code [0x0000000003300760, 0x0000000003300ec8]
Event: 3.226 Thread 0x000000001c55a800  975       3       com.badlogic.gdx.utils.Array::<init> (21 bytes)
Event: 3.227 Thread 0x000000001c55a800 nmethod 975 0x00000000032fc550 code [0x00000000032fc6c0, 0x00000000032fc910]
Event: 3.227 Thread 0x000000001c55a800  976       1       java.lang.Integer::intValue (5 bytes)
Event: 3.227 Thread 0x000000001c55a800 nmethod 976 0x00000000032fc290 code [0x00000000032fc3e0, 0x00000000032fc4f0]
Event: 3.227 Thread 0x000000001c55a800  977       3       com.badlogic.gdx.math.Vector3::crs (62 bytes)
Event: 3.227 Thread 0x000000001c55a800 nmethod 977 0x0000000003301450 code [0x00000000033015c0, 0x00000000033017f0]
Event: 3.240 Thread 0x000000001c55a800  978       1       com.badlogic.gdx.scenes.scene2d.Group::getChildren (5 bytes)
Event: 3.240 Thread 0x000000001c55a800 nmethod 978 0x00000000032fbfd0 code [0x00000000032fc120, 0x00000000032fc230]

GC Heap History (0 events):
No events

Deoptimization events (7 events):
Event: 0.102 Thread 0x0000000002e43800 Uncommon trap: reason=unstable_if action=reinterpret pc=0x000000000305cc84 method=java.lang.String.hashCode()I @ 14
Event: 1.540 Thread 0x000000001e2a0800 Uncommon trap: reason=unstable_if action=reinterpret pc=0x00000000031ece68 method=java.io.BufferedInputStream.read()I @ 8
Event: 1.551 Thread 0x000000001e2a0800 Uncommon trap: reason=unstable_if action=reinterpret pc=0x00000000031fbd6c method=com.badlogic.gdx.utils.UBJsonReader.parse(Ljava/io/DataInputStream;B)Lcom/badlogic/gdx/utils/JsonValue; @ 3
Event: 3.226 Thread 0x000000001e2a0800 Uncommon trap: reason=array_check action=maybe_recompile pc=0x00000000032853d0 method=com.badlogic.gdx.utils.Array.add(Ljava/lang/Object;)V @ 46
Event: 3.226 Thread 0x000000001e2a0800 Uncommon trap: reason=array_check action=maybe_recompile pc=0x00000000032853d0 method=com.badlogic.gdx.utils.Array.add(Ljava/lang/Object;)V @ 46
Event: 3.227 Thread 0x000000001e2a0800 Uncommon trap: reason=array_check action=maybe_recompile pc=0x00000000032853d0 method=com.badlogic.gdx.utils.Array.add(Ljava/lang/Object;)V @ 46
Event: 3.227 Thread 0x000000001e2a0800 Uncommon trap: reason=array_check action=maybe_recompile pc=0x00000000032853d0 method=com.badlogic.gdx.utils.Array.add(Ljava/lang/Object;)V @ 46

Classes redefined (0 events):
No events

Internal exceptions (10 events):
Event: 0.156 Thread 0x0000000002e43800 Exception <a 'java/security/PrivilegedActionException'> (0x000000076b54acd0) thrown at [C:\re\workspace\8-2-build-windows-amd64-cygwin\jdk8u162\10278\hotspot\src\share\vm\prims\jvm.cpp, line 1390]
Event: 0.156 Thread 0x0000000002e43800 Exception <a 'java/security/PrivilegedActionException'> (0x000000076b54aee0) thrown at [C:\re\workspace\8-2-build-windows-amd64-cygwin\jdk8u162\10278\hotspot\src\share\vm\prims\jvm.cpp, line 1390]
Event: 0.157 Thread 0x0000000002e43800 Exception <a 'java/security/PrivilegedActionException'> (0x000000076b54eb50) thrown at [C:\re\workspace\8-2-build-windows-amd64-cygwin\jdk8u162\10278\hotspot\src\share\vm\prims\jvm.cpp, line 1390]
Event: 0.157 Thread 0x0000000002e43800 Exception <a 'java/security/PrivilegedActionException'> (0x000000076b54ed60) thrown at [C:\re\workspace\8-2-build-windows-amd64-cygwin\jdk8u162\10278\hotspot\src\share\vm\prims\jvm.cpp, line 1390]
Event: 0.307 Thread 0x0000000002e43800 Exception <a 'java/security/PrivilegedActionException'> (0x000000076b679f48) thrown at [C:\re\workspace\8-2-build-windows-amd64-cygwin\jdk8u162\10278\hotspot\src\share\vm\prims\jvm.cpp, line 1390]
Event: 0.307 Thread 0x0000000002e43800 Exception <a 'java/security/PrivilegedActionException'> (0x000000076b67bc20) thrown at [C:\re\workspace\8-2-build-windows-amd64-cygwin\jdk8u162\10278\hotspot\src\share\vm\prims\jvm.cpp, line 1390]
Event: 0.307 Thread 0x0000000002e43800 Exception <a 'java/security/PrivilegedActionException'> (0x000000076b67cd90) thrown at [C:\re\workspace\8-2-build-windows-amd64-cygwin\jdk8u162\10278\hotspot\src\share\vm\prims\jvm.cpp, line 1390]
Event: 0.308 Thread 0x0000000002e43800 Exception <a 'java/security/PrivilegedActionException'> (0x000000076b681ef8) thrown at [C:\re\workspace\8-2-build-windows-amd64-cygwin\jdk8u162\10278\hotspot\src\share\vm\prims\jvm.cpp, line 1390]
Event: 0.308 Thread 0x0000000002e43800 Exception <a 'java/security/PrivilegedActionException'> (0x000000076b682b50) thrown at [C:\re\workspace\8-2-build-windows-amd64-cygwin\jdk8u162\10278\hotspot\src\share\vm\prims\jvm.cpp, line 1390]
Event: 0.308 Thread 0x0000000002e43800 Exception <a 'java/security/PrivilegedActionException'> (0x000000076b683778) thrown at [C:\re\workspace\8-2-build-windows-amd64-cygwin\jdk8u162\10278\hotspot\src\share\vm\prims\jvm.cpp, line 1390]

Events (10 events):
Event: 3.226 Thread 0x000000001e2a0800 DEOPT UNPACKING pc=0x0000000002f8583b sp=0x000000001f6cefc0 mode 2
Event: 3.226 Thread 0x000000001e2a0800 Uncommon trap: trap_request=0xffffffd6 fr.pc=0x00000000032853d0
Event: 3.226 Thread 0x000000001e2a0800 DEOPT PACKING pc=0x00000000032853d0 sp=0x000000001f6cf030
Event: 3.226 Thread 0x000000001e2a0800 DEOPT UNPACKING pc=0x0000000002f8583b sp=0x000000001f6cefc0 mode 2
Event: 3.227 Thread 0x000000001e2a0800 Uncommon trap: trap_request=0xffffffd6 fr.pc=0x00000000032853d0
Event: 3.227 Thread 0x000000001e2a0800 DEOPT PACKING pc=0x00000000032853d0 sp=0x000000001f6cf030
Event: 3.227 Thread 0x000000001e2a0800 DEOPT UNPACKING pc=0x0000000002f8583b sp=0x000000001f6cefc0 mode 2
Event: 3.227 Thread 0x000000001e2a0800 Uncommon trap: trap_request=0xffffffd6 fr.pc=0x00000000032853d0
Event: 3.227 Thread 0x000000001e2a0800 DEOPT PACKING pc=0x00000000032853d0 sp=0x000000001f6cf110
Event: 3.227 Thread 0x000000001e2a0800 DEOPT UNPACKING pc=0x0000000002f8583b sp=0x000000001f6cf0a0 mode 2


Dynamic libraries:
0x00007ff6627f0000 - 0x00007ff662827000 	C:\Program Files\Java\jre1.8.0_162\bin\javaw.exe
0x00007ffeb2d60000 - 0x00007ffeb2f41000 	C:\WINDOWS\SYSTEM32\ntdll.dll
0x00007ffeb28a0000 - 0x00007ffeb2952000 	C:\WINDOWS\System32\KERNEL32.DLL
0x00007ffeaf1b0000 - 0x00007ffeaf423000 	C:\WINDOWS\System32\KERNELBASE.dll
0x00007ffeb29d0000 - 0x00007ffeb2a71000 	C:\WINDOWS\System32\ADVAPI32.dll
0x00007ffeb21d0000 - 0x00007ffeb226e000 	C:\WINDOWS\System32\msvcrt.dll
0x00007ffeb2970000 - 0x00007ffeb29cb000 	C:\WINDOWS\System32\sechost.dll
0x00007ffeb1ff0000 - 0x00007ffeb2114000 	C:\WINDOWS\System32\RPCRT4.dll
0x00007ffeb17c0000 - 0x00007ffeb1950000 	C:\WINDOWS\System32\USER32.dll
0x00007ffeaf430000 - 0x00007ffeaf450000 	C:\WINDOWS\System32\win32u.dll
0x00007ffeb1eb0000 - 0x00007ffeb1ed8000 	C:\WINDOWS\System32\GDI32.dll
0x00007ffeaf640000 - 0x00007ffeaf7d2000 	C:\WINDOWS\System32\gdi32full.dll
0x00007ffeaf9e0000 - 0x00007ffeafa7f000 	C:\WINDOWS\System32\msvcp_win.dll
0x00007ffeaf8e0000 - 0x00007ffeaf9da000 	C:\WINDOWS\System32\ucrtbase.dll
0x00007ffea1400000 - 0x00007ffea1669000 	C:\WINDOWS\WinSxS\amd64_microsoft.windows.common-controls_6595b64144ccf1df_6.0.17134.407_none_fb449d63306391e9\COMCTL32.dll
0x00007ffeb1b80000 - 0x00007ffeb1ea2000 	C:\WINDOWS\System32\combase.dll
0x00007ffeaf130000 - 0x00007ffeaf1aa000 	C:\WINDOWS\System32\bcryptPrimitives.dll
0x00007ffeb2a80000 - 0x00007ffeb2aad000 	C:\WINDOWS\System32\IMM32.DLL
0x00000000626d0000 - 0x00000000627a1000 	C:\Program Files\Java\jre1.8.0_162\bin\msvcr100.dll
0x00000000629a0000 - 0x0000000063240000 	C:\Program Files\Java\jre1.8.0_162\bin\server\jvm.dll
0x00007ffeb0200000 - 0x00007ffeb0208000 	C:\WINDOWS\System32\PSAPI.DLL
0x00007ffe9bb20000 - 0x00007ffe9bb29000 	C:\WINDOWS\SYSTEM32\WSOCK32.dll
0x00007ffeb1ee0000 - 0x00007ffeb1f4c000 	C:\WINDOWS\System32\WS2_32.dll
0x00007ffea9a50000 - 0x00007ffea9a5a000 	C:\WINDOWS\SYSTEM32\VERSION.dll
0x00007ffeabd20000 - 0x00007ffeabd43000 	C:\WINDOWS\SYSTEM32\WINMM.dll
0x00007ffeabcf0000 - 0x00007ffeabd1a000 	C:\WINDOWS\SYSTEM32\WINMMBASE.dll
0x00007ffeaf890000 - 0x00007ffeaf8d9000 	C:\WINDOWS\System32\cfgmgr32.dll
0x00000000628b0000 - 0x00000000628bf000 	C:\Program Files\Java\jre1.8.0_162\bin\verify.dll
0x0000000062880000 - 0x00000000628a9000 	C:\Program Files\Java\jre1.8.0_162\bin\java.dll
0x0000000062860000 - 0x0000000062876000 	C:\Program Files\Java\jre1.8.0_162\bin\zip.dll
0x00007ffeb0300000 - 0x00007ffeb173f000 	C:\WINDOWS\System32\SHELL32.dll
0x00007ffeb2120000 - 0x00007ffeb21c9000 	C:\WINDOWS\System32\shcore.dll
0x00007ffeafa80000 - 0x00007ffeb018d000 	C:\WINDOWS\System32\windows.storage.dll
0x00007ffeb1760000 - 0x00007ffeb17b1000 	C:\WINDOWS\System32\shlwapi.dll
0x00007ffeaf0c0000 - 0x00007ffeaf0d1000 	C:\WINDOWS\System32\kernel.appcore.dll
0x00007ffeaf0e0000 - 0x00007ffeaf0ff000 	C:\WINDOWS\System32\profapi.dll
0x00007ffeaf070000 - 0x00007ffeaf0bc000 	C:\WINDOWS\System32\powrprof.dll
0x00007ffeaf100000 - 0x00007ffeaf10a000 	C:\WINDOWS\System32\FLTLIB.DLL
0x0000000065580000 - 0x0000000065616000 	C:\Users\Angelo\AppData\Local\Temp\libgdxAngelo\12dfaa03\gdx64.dll
0x00007ffeaeaa0000 - 0x00007ffeaeab7000 	C:\WINDOWS\SYSTEM32\CRYPTSP.dll
0x00007ffeae470000 - 0x00007ffeae4a3000 	C:\WINDOWS\system32\rsaenh.dll
0x00007ffeaebd0000 - 0x00007ffeaebf5000 	C:\WINDOWS\SYSTEM32\bcrypt.dll
0x00007ffeaef70000 - 0x00007ffeaef98000 	C:\WINDOWS\SYSTEM32\USERENV.dll
0x00007ffeaeac0000 - 0x00007ffeaeacb000 	C:\WINDOWS\SYSTEM32\CRYPTBASE.dll
0x0000000062840000 - 0x000000006285a000 	C:\Program Files\Java\jre1.8.0_162\bin\net.dll
0x00007ffeae8f0000 - 0x00007ffeae956000 	C:\WINDOWS\system32\mswsock.dll
0x00007ffeae670000 - 0x00007ffeae6a8000 	C:\WINDOWS\SYSTEM32\IPHLPAPI.DLL
0x00007ffeb01f0000 - 0x00007ffeb01f8000 	C:\WINDOWS\System32\NSI.dll
0x00007ffea9c40000 - 0x00007ffea9c56000 	C:\WINDOWS\SYSTEM32\dhcpcsvc6.DLL
0x00007ffea9f90000 - 0x00007ffea9faa000 	C:\WINDOWS\SYSTEM32\dhcpcsvc.DLL
0x0000000062820000 - 0x0000000062831000 	C:\Program Files\Java\jre1.8.0_162\bin\nio.dll
0x0000000180000000 - 0x0000000180053000 	C:\Users\Angelo\AppData\Local\Temp\libgdxAngelo\dc0f0009\lwjgl64.dll
0x00007ffe7a070000 - 0x00007ffe7a190000 	C:\WINDOWS\SYSTEM32\OPENGL32.dll
0x00007ffe7a040000 - 0x00007ffe7a06c000 	C:\WINDOWS\SYSTEM32\GLU32.dll
0x000000001e800000 - 0x000000001e864000 	C:\Users\Angelo\AppData\Local\Temp\libgdxAngelo\dc0f0009\OpenAL64.dll
0x00007ffeb1a20000 - 0x00007ffeb1b71000 	C:\WINDOWS\System32\ole32.dll
0x00007ffead5b0000 - 0x00007ffead648000 	C:\WINDOWS\system32\uxtheme.dll
0x00007ffeb1f50000 - 0x00007ffeb1ff0000 	C:\WINDOWS\System32\clbcatq.dll
0x00007ffeab2e0000 - 0x00007ffeab494000 	C:\WINDOWS\System32\PROPSYS.dll
0x00007ffeb1950000 - 0x00007ffeb1a12000 	C:\WINDOWS\System32\OLEAUT32.dll
0x00007ffe9d820000 - 0x00007ffe9d8af000 	C:\WINDOWS\SYSTEM32\dsound.dll
0x00007ffea7940000 - 0x00007ffea79b6000 	C:\WINDOWS\System32\MMDevApi.dll
0x00007ffeaee80000 - 0x00007ffeaeea7000 	C:\WINDOWS\System32\DEVOBJ.dll
0x00007ffe8ef30000 - 0x00007ffe8f05c000 	C:\WINDOWS\SYSTEM32\AUDIOSES.DLL
0x00007ffeaa5e0000 - 0x00007ffeaa72d000 	C:\WINDOWS\SYSTEM32\wintypes.dll
0x00007ffeaaf50000 - 0x00007ffeaaf5a000 	C:\WINDOWS\SYSTEM32\AVRT.dll
0x00007ffeb2270000 - 0x00007ffeb23e3000 	C:\WINDOWS\System32\MSCTF.dll
0x00007ffead800000 - 0x00007ffead829000 	C:\WINDOWS\system32\dwmapi.dll
0x00007ffe9bc70000 - 0x00007ffe9bd06000 	C:\WINDOWS\System32\TextInputFramework.dll
0x00007ffeaa7a0000 - 0x00007ffeaaabe000 	C:\WINDOWS\System32\CoreUIComponents.dll
0x00007ffead1f0000 - 0x00007ffead2ca000 	C:\WINDOWS\System32\CoreMessaging.dll
0x00007ffeae190000 - 0x00007ffeae1c1000 	C:\WINDOWS\SYSTEM32\ntmarta.dll
0x00007ffe7c050000 - 0x00007ffe7c077000 	C:\WINDOWS\System32\DriverStore\FileRepository\c0336248.inf_amd64_0651622c981a040c\B336252\atig6pxx.dll
0x0000000020090000 - 0x000000002265a000 	C:\WINDOWS\System32\DriverStore\FileRepository\c0336248.inf_amd64_0651622c981a040c\B336252\atio6axx.dll
0x00007ffeb23f0000 - 0x00007ffeb283b000 	C:\WINDOWS\System32\SETUPAPI.dll
0x00007ffe832b0000 - 0x00007ffe832d2000 	C:\WINDOWS\SYSTEM32\dxva2.dll
0x00007ffe7c010000 - 0x00007ffe7c04b000 	C:\WINDOWS\System32\DriverStore\FileRepository\c0336248.inf_amd64_0651622c981a040c\B336252\atig6txx.dll
0x00007ffe77fe0000 - 0x00007ffe78175000 	C:\WINDOWS\SYSTEM32\atiadlxx.dll
0x00007ffeb0190000 - 0x00007ffeb01e7000 	C:\WINDOWS\System32\WINTRUST.dll
0x00007ffeaf110000 - 0x00007ffeaf122000 	C:\WINDOWS\System32\MSASN1.dll
0x00007ffeaf450000 - 0x00007ffeaf632000 	C:\WINDOWS\System32\CRYPT32.dll
0x00007ffea1cf0000 - 0x00007ffea1d98000 	C:\WINDOWS\SYSTEM32\mscms.dll
0x00007ffe90010000 - 0x00007ffe90020000 	C:\WINDOWS\SYSTEM32\ColorAdapterClient.dll
0x00007ffe924e0000 - 0x00007ffe92523000 	C:\WINDOWS\SYSTEM32\icm32.dll
0x00007ffe9b4d0000 - 0x00007ffe9b699000 	C:\WINDOWS\SYSTEM32\dbghelp.dll

VM Arguments:
jvm_args: -Dfile.encoding=Cp1252 
java_command: com.mygdx.game.desktop.DesktopLauncher
java_class_path (initial): C:\Program Files\Java\jre1.8.0_162\lib\resources.jar;C:\Program Files\Java\jre1.8.0_162\lib\rt.jar;C:\Program Files\Java\jre1.8.0_162\lib\jsse.jar;C:\Program Files\Java\jre1.8.0_162\lib\jce.jar;C:\Program Files\Java\jre1.8.0_162\lib\charsets.jar;C:\Program Files\Java\jre1.8.0_162\lib\jfr.jar;C:\Program Files\Java\jre1.8.0_162\lib\ext\access-bridge-64.jar;C:\Program Files\Java\jre1.8.0_162\lib\ext\cldrdata.jar;C:\Program Files\Java\jre1.8.0_162\lib\ext\dnsns.jar;C:\Program Files\Java\jre1.8.0_162\lib\ext\jaccess.jar;C:\Program Files\Java\jre1.8.0_162\lib\ext\jfxrt.jar;C:\Program Files\Java\jre1.8.0_162\lib\ext\localedata.jar;C:\Program Files\Java\jre1.8.0_162\lib\ext\nashorn.jar;C:\Program Files\Java\jre1.8.0_162\lib\ext\sunec.jar;C:\Program Files\Java\jre1.8.0_162\lib\ext\sunjce_provider.jar;C:\Program Files\Java\jre1.8.0_162\lib\ext\sunmscapi.jar;C:\Program Files\Java\jre1.8.0_162\lib\ext\sunpkcs11.jar;C:\Program Files\Java\jre1.8.0_162\lib\ext\zipfs.jar;C:\Users\Angelo\Documents\GitHub\INGSW_Project\desktop\bin;C:\Users\Angelo\Documents\GitHub\INGSW_Project\core\bin;C:\Users\Angelo\.gradle\caches\modules-2\files-2.1\com.badlogicgames.gdx\gdx-backend-lwjgl\1.9.8\b7c138f14ed67ad830ae7597da3d86ae02b20eee\gdx-backend-lwjgl-1.9.8.jar;C:\Users\Angelo\.gradle\caches\modules-2\files-2.1\com.badlogicgames.gdx\gdx-platform\1.9.8\604a2ef2c7c92a5900114757cbd3fb4dcbb8270c\gdx-platform-1.9.8-natives-desktop.jar;C:\Users\Angelo\.gradle\caches\modules-2\files-2.1\com.badlogicgames.gdx\gdx-box2d-platform\1.9.8\3195b56f82751d7cd7de85edb6824d17bf479781\gdx-box2d-platform-1.9.8-natives-desktop.jar;C:\Users\Angelo\.gradle\caches\modules-2\files-2.1\com.badlogicgames.gdx\gdx-controllers-desktop\1.9.8\631f8e4bc387dbf8a7122e2e8729ec1cdc0dc45a\gdx-controllers-desktop-1.9.8.jar;C:\Users\Angelo\.gradle\caches\modules-2\files-2.1\com.badlogicgames.gdx\gdx-controllers-platform\1.9.8\deef23cee3884f579312b2987afd6a377b6eda2e\gdx-controllers-platform-1.9.8-natives-de
Launcher Type: SUN_STANDARD

Environment Variables:
PATH=C:/Program Files/Java/jre1.8.0_162/bin/server;C:/Program Files/Java/jre1.8.0_162/bin;C:/Program Files/Java/jre1.8.0_162/lib/amd64;C:\ProgramData\Oracle\Java\javapath;C:\WINDOWS\system32;C:\WINDOWS;C:\WINDOWS\System32\Wbem;C:\WINDOWS\System32\WindowsPowerShell\v1.0\;C:\Program Files (x86)\Bitvise SSH Client;C:\WINDOWS\System32\OpenSSH\;C:\Program Files\dotnet\;C:\Program Files\Git\cmd;C:\Users\Angelo\AppData\Local\Microsoft\WindowsApps;C:\Users\Angelo\AppData\Local\GitHubDesktop\bin;C:\Users\Angelo\AppData\Local\Microsoft\WindowsApps;C:\Users\Angelo\AppData\Local\atom\bin;;C:\Program Files\Microsoft VS Code\bin;C:\Users\Angelo\eclipse\java-oxygen\eclipse;
USERNAME=Angelo
OS=Windows_NT
PROCESSOR_IDENTIFIER=Intel64 Family 6 Model 60 Stepping 3, GenuineIntel



---------------  S Y S T E M  ---------------

OS: Windows 10.0 , 64 bit Build 17134 (10.0.17134.1)

CPU:total 4 (initial active 4) (4 cores per cpu, 1 threads per core) family 6 model 60 stepping 3, cmov, cx8, fxsr, mmx, sse, sse2, sse3, ssse3, sse4.1, sse4.2, popcnt, avx, avx2, aes, clmul, erms, lzcnt, tsc, tscinvbit, bmi1, bmi2

Memory: 4k page, physical 16694536k(11367940k free), swap 19840264k(10961352k free)

vm_info: Java HotSpot(TM) 64-Bit Server VM (25.162-b12) for windows-amd64 JRE (1.8.0_162-b12), built on Dec 19 2017 20:00:03 by "java_re" with MS VC++ 10.0 (VS2010)

time: Mon Dec 10 11:06:46 2018
elapsed time: 3 seconds (0d 0h 0m 3s)

