#
# A fatal error has been detected by the Java Runtime Environment:
#
#  EXCEPTION_ACCESS_VIOLATION (0xc0000005) at pc=0x00007ffeb2d755d7, pid=7020, tid=0x000000000000048c
#
# JRE version: Java(TM) SE Runtime Environment (8.0_162-b12) (build 1.8.0_162-b12)
# Java VM: Java HotSpot(TM) 64-Bit Server VM (25.162-b12 mixed mode windows-amd64 compressed oops)
# Problematic frame:
# C  [ntdll.dll+0x155d7]
#
# Failed to write core dump. Minidumps are not enabled by default on client versions of Windows
#
# If you would like to submit a bug report, please visit:
#   http://bugreport.java.com/bugreport/crash.jsp
# The crash happened outside the Java Virtual Machine in native code.
# See problematic frame for where to report the bug.
#

---------------  T H R E A D  ---------------

Current thread (0x000000001e27e800):  JavaThread "LWJGL Application" [_thread_in_native, id=1164, stack(0x000000001f500000,0x000000001f600000)]

siginfo: ExceptionCode=0xc0000005, reading address 0xffffffffffffffff

Registers:
RAX=0x00000000009600d4, RBX=0x0000000001580000, RCX=0x000000000000d442, RDX=0x00000000000000d4
RSP=0x000000001f5fe3c0, RBP=0x0000000000000000, RSI=0x000000001ec0abb0, RDI=0x000000000000037f
R8 =0x3f204000feffffff, R9 =0x000000000000001b, R10=0x0000000000000000, R11=0x00007ffeb2e78b20
R12=0x0000000001580150, R13=0x4278000044234000, R14=0x000000001ec0aba0, R15=0x0000000001582250
RIP=0x00007ffeb2d755d7, EFLAGS=0x0000000000010206

Top of Stack: (sp=0x000000001f5fe3c0)
0x000000001f5fe3c0:   0000000000000000 000000001c01f128
0x000000001f5fe3d0:   000000001e27e800 0000000000000003
0x000000001f5fe3e0:   000000001c01f128 000000001e27e800
0x000000001f5fe3f0:   000000011f5fe701 0000000000000000
0x000000001f5fe400:   000000001e27e800 0000000000000000
0x000000001f5fe410:   0000000000000000 0000000000000021
0x000000001f5fe420:   0000000000000001 3f204000feffffff
0x000000001f5fe430:   0000000000000000 000000000000037f
0x000000001f5fe440:   0000000000000000 0000000000000000
0x000000001f5fe450:   000000001ec0aba0 000000001e27e800
0x000000001f5fe460:   000000001e27dc60 0000000000000080
0x000000001f5fe470:   000000001dec4518 000000001dec45e8
0x000000001f5fe480:   0000000000000000 0000000000b70000
0x000000001f5fe490:   0000000000000000 000000001e27e800
0x000000001f5fe4a0:   000000001ec09810 000000001f5fe708
0x000000001f5fe4b0:   00000000015822f4 0000000000b71080 

Instructions: (pc=0x00007ffeb2d755d7)
0x00007ffeb2d755b7:   0f b7 4e 08 0f b7 d1 66 c1 ea 08 49 3b cd 0f 82
0x00007ffeb2d755c7:   ef 17 00 00 4c 8b 2e 4d 8b 46 18 4c 89 44 24 68
0x00007ffeb2d755d7:   49 8b 00 4d 8b 4d 08 49 3b c1 0f 85 b0 17 00 00
0x00007ffeb2d755e7:   48 3b c6 0f 85 a7 17 00 00 48 29 8b c0 00 00 00 


Register to memory mapping:

RAX=0x00000000009600d4 is an unknown value
RBX=0x0000000001580000 is an unknown value
RCX=0x000000000000d442 is an unknown value
RDX=0x00000000000000d4 is an unknown value
RSP=0x000000001f5fe3c0 is pointing into the stack for thread: 0x000000001e27e800
RBP=0x0000000000000000 is an unknown value
RSI=0x000000001ec0abb0 is an unknown value
RDI=0x000000000000037f is an unknown value
R8 =0x3f204000feffffff is an unknown value
R9 =0x000000000000001b is an unknown value
R10=0x0000000000000000 is an unknown value
R11=0x00007ffeb2e78b20 is an unknown value
R12=0x0000000001580150 is an unknown value
R13=0x4278000044234000 is an unknown value
R14=0x000000001ec0aba0 is an unknown value
R15=0x0000000001582250 is an unknown value


Stack: [0x000000001f500000,0x000000001f600000],  sp=0x000000001f5fe3c0,  free space=1016k
Native frames: (J=compiled Java code, j=interpreted, Vv=VM code, C=native code)

Java frames: (J=compiled Java code, j=interpreted, Vv=VM code)
J 1073  org.lwjgl.opengl.WindowsDisplay.nUpdate()V (0 bytes) @ 0x00000000032ffc3e [0x00000000032ffc00+0x3e]
J 1078 C1 org.lwjgl.opengl.WindowsDisplay.update()V (106 bytes) @ 0x0000000003304c64 [0x0000000003304be0+0x84]
J 1077 C1 org.lwjgl.opengl.Display.processMessages()V (44 bytes) @ 0x000000000330210c [0x0000000003301e20+0x2ec]
j  com.badlogic.gdx.backends.lwjgl.LwjglApplication.mainLoop()V+78
j  com.badlogic.gdx.backends.lwjgl.LwjglApplication$1.run()V+27
v  ~StubRoutines::call_stub

---------------  P R O C E S S  ---------------

Java Threads: ( => current thread )
  0x000000001f1d6000 JavaThread "LWJGL Timer" daemon [_thread_blocked, id=6444, stack(0x0000000028ca0000,0x0000000028da0000)]
  0x0000000002d03800 JavaThread "DestroyJavaVM" [_thread_blocked, id=3492, stack(0x0000000002ba0000,0x0000000002ca0000)]
=>0x000000001e27e800 JavaThread "LWJGL Application" [_thread_in_native, id=1164, stack(0x000000001f500000,0x000000001f600000)]
  0x000000001dea0800 JavaThread "Service Thread" daemon [_thread_blocked, id=3244, stack(0x000000001e280000,0x000000001e380000)]
  0x000000001c509000 JavaThread "C1 CompilerThread2" daemon [_thread_blocked, id=5476, stack(0x000000001dd80000,0x000000001de80000)]
  0x000000001c506000 JavaThread "C2 CompilerThread1" daemon [_thread_blocked, id=11924, stack(0x000000001dc80000,0x000000001dd80000)]
  0x000000001c503000 JavaThread "C2 CompilerThread0" daemon [_thread_blocked, id=4400, stack(0x000000001db80000,0x000000001dc80000)]
  0x000000001c4ff000 JavaThread "Attach Listener" daemon [_thread_blocked, id=5744, stack(0x000000001da80000,0x000000001db80000)]
  0x000000001c4fd800 JavaThread "Signal Dispatcher" daemon [_thread_blocked, id=11204, stack(0x000000001d980000,0x000000001da80000)]
  0x0000000002dfd800 JavaThread "Finalizer" daemon [_thread_blocked, id=8844, stack(0x000000001d770000,0x000000001d870000)]
  0x0000000002df2000 JavaThread "Reference Handler" daemon [_thread_blocked, id=2220, stack(0x000000001d670000,0x000000001d770000)]

Other Threads:
  0x000000001c4c8000 VMThread [stack: 0x000000001d570000,0x000000001d670000] [id=1712]
  0x000000001dec3000 WatcherThread [stack: 0x000000001e380000,0x000000001e480000] [id=9716]

VM state:not at safepoint (normal execution)

VM Mutex/Monitor currently owned by a thread: None

Heap:
 PSYoungGen      total 76288K, used 32839K [0x000000076b180000, 0x0000000770680000, 0x00000007c0000000)
  eden space 65536K, 50% used [0x000000076b180000,0x000000076d191c88,0x000000076f180000)
  from space 10752K, 0% used [0x000000076fc00000,0x000000076fc00000,0x0000000770680000)
  to   space 10752K, 0% used [0x000000076f180000,0x000000076f180000,0x000000076fc00000)
 ParOldGen       total 175104K, used 0K [0x00000006c1400000, 0x00000006cbf00000, 0x000000076b180000)
  object space 175104K, 0% used [0x00000006c1400000,0x00000006c1400000,0x00000006cbf00000)
 Metaspace       used 8676K, capacity 8835K, committed 9088K, reserved 1056768K
  class space    used 818K, capacity 848K, committed 896K, reserved 1048576K

Card table byte_map: [0x00000000122b0000,0x0000000012ab0000] byte_map_base: 0x000000000eca6000

Marking Bits: (ParMarkBitMap*) 0x00000000631c0860
 Begin Bits: [0x0000000013400000, 0x00000000173b0000)
 End Bits:   [0x00000000173b0000, 0x000000001b360000)

Polling page: 0x0000000000bf0000

CodeCache: size=245760Kb used=4477Kb max_used=4481Kb free=241282Kb
 bounds [0x0000000002ef0000, 0x0000000003360000, 0x0000000011ef0000]
 total_blobs=1719 nmethods=1182 adapters=449
 compilation: enabled

Compilation events (10 events):
Event: 9.834 Thread 0x000000001c509000 1177       3       com.badlogic.gdx.math.Affine2::setToTrnRotScl (92 bytes)
Event: 9.834 Thread 0x000000001c509000 nmethod 1177 0x0000000003350710 code [0x00000000033508e0, 0x0000000003350dd0]
Event: 9.834 Thread 0x000000001c509000 1178       3       com.badlogic.gdx.math.Matrix4::set (142 bytes)
Event: 9.834 Thread 0x000000001c509000 nmethod 1178 0x0000000003351190 code [0x0000000003351300, 0x0000000003351690]
Event: 10.251 Thread 0x000000001c506000 1179       4       java.nio.DirectIntBufferU::put (18 bytes)
Event: 10.252 Thread 0x000000001c506000 nmethod 1179 0x0000000003354610 code [0x0000000003354740, 0x00000000033547f8]
Event: 10.351 Thread 0x000000001c509000 1180       3       org.lwjgl.opengl.WindowsDisplay$Rect::copyToBuffer (35 bytes)
Event: 10.351 Thread 0x000000001c509000 nmethod 1180 0x0000000003353e50 code [0x0000000003353fe0, 0x0000000003354478]
Event: 10.368 Thread 0x000000001c509000 1181       3       org.lwjgl.opengl.WindowsDisplay::setupCursorClipping (27 bytes)
Event: 10.368 Thread 0x000000001c509000 nmethod 1181 0x0000000003352a10 code [0x0000000003352c00, 0x00000000033534b8]

GC Heap History (0 events):
No events

Deoptimization events (7 events):
Event: 0.105 Thread 0x0000000002d03800 Uncommon trap: reason=unstable_if action=reinterpret pc=0x000000000300c404 method=java.lang.String.hashCode()I @ 14
Event: 2.035 Thread 0x000000001e27e800 Uncommon trap: reason=unstable_if action=reinterpret pc=0x00000000031b4ae8 method=java.io.BufferedInputStream.read()I @ 8
Event: 2.046 Thread 0x000000001e27e800 Uncommon trap: reason=unstable_if action=reinterpret pc=0x00000000031c336c method=com.badlogic.gdx.utils.UBJsonReader.parse(Ljava/io/DataInputStream;B)Lcom/badlogic/gdx/utils/JsonValue; @ 3
Event: 3.760 Thread 0x000000001e27e800 Uncommon trap: reason=array_check action=maybe_recompile pc=0x0000000003242790 method=com.badlogic.gdx.utils.Array.add(Ljava/lang/Object;)V @ 46
Event: 3.760 Thread 0x000000001e27e800 Uncommon trap: reason=array_check action=maybe_recompile pc=0x0000000003242790 method=com.badlogic.gdx.utils.Array.add(Ljava/lang/Object;)V @ 46
Event: 3.760 Thread 0x000000001e27e800 Uncommon trap: reason=array_check action=maybe_recompile pc=0x0000000003242790 method=com.badlogic.gdx.utils.Array.add(Ljava/lang/Object;)V @ 46
Event: 3.760 Thread 0x000000001e27e800 Uncommon trap: reason=array_check action=maybe_recompile pc=0x0000000003242790 method=com.badlogic.gdx.utils.Array.add(Ljava/lang/Object;)V @ 46

Classes redefined (0 events):
No events

Internal exceptions (10 events):
Event: 0.156 Thread 0x0000000002d03800 Exception <a 'java/security/PrivilegedActionException'> (0x000000076b54acd0) thrown at [C:\re\workspace\8-2-build-windows-amd64-cygwin\jdk8u162\10278\hotspot\src\share\vm\prims\jvm.cpp, line 1390]
Event: 0.156 Thread 0x0000000002d03800 Exception <a 'java/security/PrivilegedActionException'> (0x000000076b54aee0) thrown at [C:\re\workspace\8-2-build-windows-amd64-cygwin\jdk8u162\10278\hotspot\src\share\vm\prims\jvm.cpp, line 1390]
Event: 0.156 Thread 0x0000000002d03800 Exception <a 'java/security/PrivilegedActionException'> (0x000000076b54eb50) thrown at [C:\re\workspace\8-2-build-windows-amd64-cygwin\jdk8u162\10278\hotspot\src\share\vm\prims\jvm.cpp, line 1390]
Event: 0.156 Thread 0x0000000002d03800 Exception <a 'java/security/PrivilegedActionException'> (0x000000076b54ed60) thrown at [C:\re\workspace\8-2-build-windows-amd64-cygwin\jdk8u162\10278\hotspot\src\share\vm\prims\jvm.cpp, line 1390]
Event: 0.299 Thread 0x0000000002d03800 Exception <a 'java/security/PrivilegedActionException'> (0x000000076b679f68) thrown at [C:\re\workspace\8-2-build-windows-amd64-cygwin\jdk8u162\10278\hotspot\src\share\vm\prims\jvm.cpp, line 1390]
Event: 0.299 Thread 0x0000000002d03800 Exception <a 'java/security/PrivilegedActionException'> (0x000000076b67bc40) thrown at [C:\re\workspace\8-2-build-windows-amd64-cygwin\jdk8u162\10278\hotspot\src\share\vm\prims\jvm.cpp, line 1390]
Event: 0.299 Thread 0x0000000002d03800 Exception <a 'java/security/PrivilegedActionException'> (0x000000076b67cdb0) thrown at [C:\re\workspace\8-2-build-windows-amd64-cygwin\jdk8u162\10278\hotspot\src\share\vm\prims\jvm.cpp, line 1390]
Event: 0.300 Thread 0x0000000002d03800 Exception <a 'java/security/PrivilegedActionException'> (0x000000076b681f18) thrown at [C:\re\workspace\8-2-build-windows-amd64-cygwin\jdk8u162\10278\hotspot\src\share\vm\prims\jvm.cpp, line 1390]
Event: 0.300 Thread 0x0000000002d03800 Exception <a 'java/security/PrivilegedActionException'> (0x000000076b682b70) thrown at [C:\re\workspace\8-2-build-windows-amd64-cygwin\jdk8u162\10278\hotspot\src\share\vm\prims\jvm.cpp, line 1390]
Event: 0.300 Thread 0x0000000002d03800 Exception <a 'java/security/PrivilegedActionException'> (0x000000076b683798) thrown at [C:\re\workspace\8-2-build-windows-amd64-cygwin\jdk8u162\10278\hotspot\src\share\vm\prims\jvm.cpp, line 1390]

Events (10 events):
Event: 3.760 Thread 0x000000001e27e800 DEOPT PACKING pc=0x0000000003242790 sp=0x000000001f5fec70
Event: 3.760 Thread 0x000000001e27e800 DEOPT UNPACKING pc=0x0000000002f3583b sp=0x000000001f5fec00 mode 2
Event: 3.760 Thread 0x000000001e27e800 Uncommon trap: trap_request=0xffffffd6 fr.pc=0x0000000003242790
Event: 3.760 Thread 0x000000001e27e800 DEOPT PACKING pc=0x0000000003242790 sp=0x000000001f5fec70
Event: 3.760 Thread 0x000000001e27e800 DEOPT UNPACKING pc=0x0000000002f3583b sp=0x000000001f5fec00 mode 2
Event: 3.760 Thread 0x000000001e27e800 Uncommon trap: trap_request=0xffffffd6 fr.pc=0x0000000003242790
Event: 3.760 Thread 0x000000001e27e800 DEOPT PACKING pc=0x0000000003242790 sp=0x000000001f5fed50
Event: 3.760 Thread 0x000000001e27e800 DEOPT UNPACKING pc=0x0000000002f3583b sp=0x000000001f5fece0 mode 2
Event: 4.129 Executing VM operation: EnableBiasedLocking
Event: 4.129 Executing VM operation: EnableBiasedLocking done


Dynamic libraries:
0x00007ff6627f0000 - 0x00007ff662827000 	C:\Program Files\Java\jre1.8.0_162\bin\javaw.exe
0x00007ffeb2d60000 - 0x00007ffeb2f41000 	C:\WINDOWS\SYSTEM32\ntdll.dll
0x00007ffeb28a0000 - 0x00007ffeb2952000 	C:\WINDOWS\System32\KERNEL32.DLL
0x00007ffeaf1b0000 - 0x00007ffeaf423000 	C:\WINDOWS\System32\KERNELBASE.dll
0x00007ffeb29d0000 - 0x00007ffeb2a71000 	C:\WINDOWS\System32\ADVAPI32.dll
0x00007ffeb21d0000 - 0x00007ffeb226e000 	C:\WINDOWS\System32\msvcrt.dll
0x00007ffeb2970000 - 0x00007ffeb29cb000 	C:\WINDOWS\System32\sechost.dll
0x00007ffeb1ff0000 - 0x00007ffeb2114000 	C:\WINDOWS\System32\RPCRT4.dll
0x00007ffeb17c0000 - 0x00007ffeb1950000 	C:\WINDOWS\System32\USER32.dll
0x00007ffeaf430000 - 0x00007ffeaf450000 	C:\WINDOWS\System32\win32u.dll
0x00007ffeb1eb0000 - 0x00007ffeb1ed8000 	C:\WINDOWS\System32\GDI32.dll
0x00007ffeaf640000 - 0x00007ffeaf7d2000 	C:\WINDOWS\System32\gdi32full.dll
0x00007ffeaf9e0000 - 0x00007ffeafa7f000 	C:\WINDOWS\System32\msvcp_win.dll
0x00007ffeaf8e0000 - 0x00007ffeaf9da000 	C:\WINDOWS\System32\ucrtbase.dll
0x00007ffea1400000 - 0x00007ffea1669000 	C:\WINDOWS\WinSxS\amd64_microsoft.windows.common-controls_6595b64144ccf1df_6.0.17134.407_none_fb449d63306391e9\COMCTL32.dll
0x00007ffeb1b80000 - 0x00007ffeb1ea2000 	C:\WINDOWS\System32\combase.dll
0x00007ffeaf130000 - 0x00007ffeaf1aa000 	C:\WINDOWS\System32\bcryptPrimitives.dll
0x00007ffeb2a80000 - 0x00007ffeb2aad000 	C:\WINDOWS\System32\IMM32.DLL
0x00000000626d0000 - 0x00000000627a1000 	C:\Program Files\Java\jre1.8.0_162\bin\msvcr100.dll
0x00000000629a0000 - 0x0000000063240000 	C:\Program Files\Java\jre1.8.0_162\bin\server\jvm.dll
0x00007ffeb0200000 - 0x00007ffeb0208000 	C:\WINDOWS\System32\PSAPI.DLL
0x00007ffeabd20000 - 0x00007ffeabd43000 	C:\WINDOWS\SYSTEM32\WINMM.dll
0x00007ffe9bb20000 - 0x00007ffe9bb29000 	C:\WINDOWS\SYSTEM32\WSOCK32.dll
0x00007ffeb1ee0000 - 0x00007ffeb1f4c000 	C:\WINDOWS\System32\WS2_32.dll
0x00007ffeabcf0000 - 0x00007ffeabd1a000 	C:\WINDOWS\SYSTEM32\WINMMBASE.dll
0x00007ffea9a50000 - 0x00007ffea9a5a000 	C:\WINDOWS\SYSTEM32\VERSION.dll
0x00007ffeaf890000 - 0x00007ffeaf8d9000 	C:\WINDOWS\System32\cfgmgr32.dll
0x00000000628b0000 - 0x00000000628bf000 	C:\Program Files\Java\jre1.8.0_162\bin\verify.dll
0x0000000062880000 - 0x00000000628a9000 	C:\Program Files\Java\jre1.8.0_162\bin\java.dll
0x0000000062860000 - 0x0000000062876000 	C:\Program Files\Java\jre1.8.0_162\bin\zip.dll
0x00007ffeb0300000 - 0x00007ffeb173f000 	C:\WINDOWS\System32\SHELL32.dll
0x00007ffeb2120000 - 0x00007ffeb21c9000 	C:\WINDOWS\System32\shcore.dll
0x00007ffeafa80000 - 0x00007ffeb018d000 	C:\WINDOWS\System32\windows.storage.dll
0x00007ffeb1760000 - 0x00007ffeb17b1000 	C:\WINDOWS\System32\shlwapi.dll
0x00007ffeaf0c0000 - 0x00007ffeaf0d1000 	C:\WINDOWS\System32\kernel.appcore.dll
0x00007ffeaf0e0000 - 0x00007ffeaf0ff000 	C:\WINDOWS\System32\profapi.dll
0x00007ffeaf070000 - 0x00007ffeaf0bc000 	C:\WINDOWS\System32\powrprof.dll
0x00007ffeaf100000 - 0x00007ffeaf10a000 	C:\WINDOWS\System32\FLTLIB.DLL
0x0000000065580000 - 0x0000000065616000 	C:\Users\Angelo\AppData\Local\Temp\libgdxAngelo\12dfaa03\gdx64.dll
0x00007ffeaeaa0000 - 0x00007ffeaeab7000 	C:\WINDOWS\SYSTEM32\CRYPTSP.dll
0x00007ffeae470000 - 0x00007ffeae4a3000 	C:\WINDOWS\system32\rsaenh.dll
0x00007ffeaebd0000 - 0x00007ffeaebf5000 	C:\WINDOWS\SYSTEM32\bcrypt.dll
0x00007ffeaef70000 - 0x00007ffeaef98000 	C:\WINDOWS\SYSTEM32\USERENV.dll
0x00007ffeaeac0000 - 0x00007ffeaeacb000 	C:\WINDOWS\SYSTEM32\CRYPTBASE.dll
0x0000000062840000 - 0x000000006285a000 	C:\Program Files\Java\jre1.8.0_162\bin\net.dll
0x00007ffeae8f0000 - 0x00007ffeae956000 	C:\WINDOWS\system32\mswsock.dll
0x00007ffeae670000 - 0x00007ffeae6a8000 	C:\WINDOWS\SYSTEM32\IPHLPAPI.DLL
0x00007ffeb01f0000 - 0x00007ffeb01f8000 	C:\WINDOWS\System32\NSI.dll
0x00007ffea9c40000 - 0x00007ffea9c56000 	C:\WINDOWS\SYSTEM32\dhcpcsvc6.DLL
0x00007ffea9f90000 - 0x00007ffea9faa000 	C:\WINDOWS\SYSTEM32\dhcpcsvc.DLL
0x0000000062820000 - 0x0000000062831000 	C:\Program Files\Java\jre1.8.0_162\bin\nio.dll
0x0000000180000000 - 0x0000000180053000 	C:\Users\Angelo\AppData\Local\Temp\libgdxAngelo\dc0f0009\lwjgl64.dll
0x00007ffe7a070000 - 0x00007ffe7a190000 	C:\WINDOWS\SYSTEM32\OPENGL32.dll
0x00007ffe7a040000 - 0x00007ffe7a06c000 	C:\WINDOWS\SYSTEM32\GLU32.dll
0x000000001e7c0000 - 0x000000001e824000 	C:\Users\Angelo\AppData\Local\Temp\libgdxAngelo\dc0f0009\OpenAL64.dll
0x00007ffeb1a20000 - 0x00007ffeb1b71000 	C:\WINDOWS\System32\ole32.dll
0x00007ffead5b0000 - 0x00007ffead648000 	C:\WINDOWS\system32\uxtheme.dll
0x00007ffeb1f50000 - 0x00007ffeb1ff0000 	C:\WINDOWS\System32\clbcatq.dll
0x00007ffeab2e0000 - 0x00007ffeab494000 	C:\WINDOWS\System32\PROPSYS.dll
0x00007ffeb1950000 - 0x00007ffeb1a12000 	C:\WINDOWS\System32\OLEAUT32.dll
0x00007ffe9d820000 - 0x00007ffe9d8af000 	C:\WINDOWS\SYSTEM32\dsound.dll
0x00007ffea7940000 - 0x00007ffea79b6000 	C:\WINDOWS\System32\MMDevApi.dll
0x00007ffeaee80000 - 0x00007ffeaeea7000 	C:\WINDOWS\System32\DEVOBJ.dll
0x00007ffe8ef30000 - 0x00007ffe8f05c000 	C:\WINDOWS\SYSTEM32\AUDIOSES.DLL
0x00007ffeaa5e0000 - 0x00007ffeaa72d000 	C:\WINDOWS\SYSTEM32\wintypes.dll
0x00007ffeaaf50000 - 0x00007ffeaaf5a000 	C:\WINDOWS\SYSTEM32\AVRT.dll
0x00007ffeb2270000 - 0x00007ffeb23e3000 	C:\WINDOWS\System32\MSCTF.dll
0x00007ffead800000 - 0x00007ffead829000 	C:\WINDOWS\system32\dwmapi.dll
0x00007ffe9bc70000 - 0x00007ffe9bd06000 	C:\WINDOWS\System32\TextInputFramework.dll
0x00007ffeaa7a0000 - 0x00007ffeaaabe000 	C:\WINDOWS\System32\CoreUIComponents.dll
0x00007ffead1f0000 - 0x00007ffead2ca000 	C:\WINDOWS\System32\CoreMessaging.dll
0x00007ffeae190000 - 0x00007ffeae1c1000 	C:\WINDOWS\SYSTEM32\ntmarta.dll
0x00007ffe7c050000 - 0x00007ffe7c077000 	C:\WINDOWS\System32\DriverStore\FileRepository\c0336248.inf_amd64_0651622c981a040c\B336252\atig6pxx.dll
0x000000001ffc0000 - 0x000000002258a000 	C:\WINDOWS\System32\DriverStore\FileRepository\c0336248.inf_amd64_0651622c981a040c\B336252\atio6axx.dll
0x00007ffeb23f0000 - 0x00007ffeb283b000 	C:\WINDOWS\System32\SETUPAPI.dll
0x00007ffe832b0000 - 0x00007ffe832d2000 	C:\WINDOWS\SYSTEM32\dxva2.dll
0x00007ffe7c010000 - 0x00007ffe7c04b000 	C:\WINDOWS\System32\DriverStore\FileRepository\c0336248.inf_amd64_0651622c981a040c\B336252\atig6txx.dll
0x00007ffe77fe0000 - 0x00007ffe78175000 	C:\WINDOWS\SYSTEM32\atiadlxx.dll
0x00007ffeb0190000 - 0x00007ffeb01e7000 	C:\WINDOWS\System32\WINTRUST.dll
0x00007ffeaf110000 - 0x00007ffeaf122000 	C:\WINDOWS\System32\MSASN1.dll
0x00007ffeaf450000 - 0x00007ffeaf632000 	C:\WINDOWS\System32\CRYPT32.dll
0x00007ffea1cf0000 - 0x00007ffea1d98000 	C:\WINDOWS\SYSTEM32\mscms.dll
0x00007ffe90010000 - 0x00007ffe90020000 	C:\WINDOWS\SYSTEM32\ColorAdapterClient.dll
0x00007ffe924e0000 - 0x00007ffe92523000 	C:\WINDOWS\SYSTEM32\icm32.dll
0x00007ffe9b4d0000 - 0x00007ffe9b699000 	C:\WINDOWS\SYSTEM32\dbghelp.dll

VM Arguments:
jvm_args: -Dfile.encoding=Cp1252 
java_command: com.mygdx.game.desktop.DesktopLauncher
java_class_path (initial): C:\Program Files\Java\jre1.8.0_162\lib\resources.jar;C:\Program Files\Java\jre1.8.0_162\lib\rt.jar;C:\Program Files\Java\jre1.8.0_162\lib\jsse.jar;C:\Program Files\Java\jre1.8.0_162\lib\jce.jar;C:\Program Files\Java\jre1.8.0_162\lib\charsets.jar;C:\Program Files\Java\jre1.8.0_162\lib\jfr.jar;C:\Program Files\Java\jre1.8.0_162\lib\ext\access-bridge-64.jar;C:\Program Files\Java\jre1.8.0_162\lib\ext\cldrdata.jar;C:\Program Files\Java\jre1.8.0_162\lib\ext\dnsns.jar;C:\Program Files\Java\jre1.8.0_162\lib\ext\jaccess.jar;C:\Program Files\Java\jre1.8.0_162\lib\ext\jfxrt.jar;C:\Program Files\Java\jre1.8.0_162\lib\ext\localedata.jar;C:\Program Files\Java\jre1.8.0_162\lib\ext\nashorn.jar;C:\Program Files\Java\jre1.8.0_162\lib\ext\sunec.jar;C:\Program Files\Java\jre1.8.0_162\lib\ext\sunjce_provider.jar;C:\Program Files\Java\jre1.8.0_162\lib\ext\sunmscapi.jar;C:\Program Files\Java\jre1.8.0_162\lib\ext\sunpkcs11.jar;C:\Program Files\Java\jre1.8.0_162\lib\ext\zipfs.jar;C:\Users\Angelo\Documents\GitHub\INGSW_Project\desktop\bin;C:\Users\Angelo\Documents\GitHub\INGSW_Project\core\bin;C:\Users\Angelo\.gradle\caches\modules-2\files-2.1\com.badlogicgames.gdx\gdx-backend-lwjgl\1.9.8\b7c138f14ed67ad830ae7597da3d86ae02b20eee\gdx-backend-lwjgl-1.9.8.jar;C:\Users\Angelo\.gradle\caches\modules-2\files-2.1\com.badlogicgames.gdx\gdx-platform\1.9.8\604a2ef2c7c92a5900114757cbd3fb4dcbb8270c\gdx-platform-1.9.8-natives-desktop.jar;C:\Users\Angelo\.gradle\caches\modules-2\files-2.1\com.badlogicgames.gdx\gdx-box2d-platform\1.9.8\3195b56f82751d7cd7de85edb6824d17bf479781\gdx-box2d-platform-1.9.8-natives-desktop.jar;C:\Users\Angelo\.gradle\caches\modules-2\files-2.1\com.badlogicgames.gdx\gdx-controllers-desktop\1.9.8\631f8e4bc387dbf8a7122e2e8729ec1cdc0dc45a\gdx-controllers-desktop-1.9.8.jar;C:\Users\Angelo\.gradle\caches\modules-2\files-2.1\com.badlogicgames.gdx\gdx-controllers-platform\1.9.8\deef23cee3884f579312b2987afd6a377b6eda2e\gdx-controllers-platform-1.9.8-natives-de
Launcher Type: SUN_STANDARD

Environment Variables:
PATH=C:/Program Files/Java/jre1.8.0_162/bin/server;C:/Program Files/Java/jre1.8.0_162/bin;C:/Program Files/Java/jre1.8.0_162/lib/amd64;C:\ProgramData\Oracle\Java\javapath;C:\WINDOWS\system32;C:\WINDOWS;C:\WINDOWS\System32\Wbem;C:\WINDOWS\System32\WindowsPowerShell\v1.0\;C:\Program Files (x86)\Bitvise SSH Client;C:\WINDOWS\System32\OpenSSH\;C:\Program Files\dotnet\;C:\Program Files\Git\cmd;C:\Users\Angelo\AppData\Local\Microsoft\WindowsApps;C:\Users\Angelo\AppData\Local\GitHubDesktop\bin;C:\Users\Angelo\AppData\Local\Microsoft\WindowsApps;C:\Users\Angelo\AppData\Local\atom\bin;;C:\Program Files\Microsoft VS Code\bin;C:\Users\Angelo\eclipse\java-oxygen\eclipse;
USERNAME=Angelo
OS=Windows_NT
PROCESSOR_IDENTIFIER=Intel64 Family 6 Model 60 Stepping 3, GenuineIntel



---------------  S Y S T E M  ---------------

OS: Windows 10.0 , 64 bit Build 17134 (10.0.17134.1)

CPU:total 4 (initial active 4) (4 cores per cpu, 1 threads per core) family 6 model 60 stepping 3, cmov, cx8, fxsr, mmx, sse, sse2, sse3, ssse3, sse4.1, sse4.2, popcnt, avx, avx2, aes, clmul, erms, lzcnt, tsc, tscinvbit, bmi1, bmi2

Memory: 4k page, physical 16694536k(11381048k free), swap 19840264k(10981512k free)

vm_info: Java HotSpot(TM) 64-Bit Server VM (25.162-b12) for windows-amd64 JRE (1.8.0_162-b12), built on Dec 19 2017 20:00:03 by "java_re" with MS VC++ 10.0 (VS2010)

time: Mon Dec 10 11:07:34 2018
elapsed time: 10 seconds (0d 0h 0m 10s)

